NextGen8379/app/FtcDriverStation/build/outputs/apk/manifest-merger-debug-report.txt
-- Merging decision tree log ---
manifest
ADDED from AndroidManifest.xml:2:1
	package
		ADDED from AndroidManifest.xml:3:11
	android:versionName
		ADDED from AndroidManifest.xml:5:11
	android:versionCode
		ADDED from AndroidManifest.xml:4:11
		INJECTED from AndroidManifest.xml:0:0
		INJECTED from AndroidManifest.xml:0:0
	xmlns:android
		ADDED from AndroidManifest.xml:2:11
uses-permission#android.permission.ACCESS_WIFI_STATE
ADDED from AndroidManifest.xml:7:3
	android:required
		ADDED from AndroidManifest.xml:9:5
	android:name
		ADDED from AndroidManifest.xml:8:5
uses-permission#android.permission.CHANGE_WIFI_STATE
ADDED from AndroidManifest.xml:10:3
	android:required
		ADDED from AndroidManifest.xml:12:5
	android:name
		ADDED from AndroidManifest.xml:11:5
uses-permission#android.permission.ACCESS_NETWORK_STATE
ADDED from AndroidManifest.xml:13:3
	android:required
		ADDED from AndroidManifest.xml:15:5
	android:name
		ADDED from AndroidManifest.xml:14:5
uses-permission#android.permission.CHANGE_NETWORK_STATE
ADDED from AndroidManifest.xml:16:3
	android:required
		ADDED from AndroidManifest.xml:18:5
	android:name
		ADDED from AndroidManifest.xml:17:5
uses-permission#android.permission.INTERNET
ADDED from AndroidManifest.xml:19:3
	android:required
		ADDED from AndroidManifest.xml:21:5
	android:name
		ADDED from AndroidManifest.xml:20:5
uses-permission#android.permission.WRITE_EXTERNAL_STORAGE
ADDED from AndroidManifest.xml:22:3
	android:required
		ADDED from AndroidManifest.xml:24:5
	android:name
		ADDED from AndroidManifest.xml:23:5
uses-permission#android.permission.READ_EXTERNAL_STORAGE
ADDED from AndroidManifest.xml:25:3
	android:required
		ADDED from AndroidManifest.xml:27:5
	android:name
		ADDED from AndroidManifest.xml:26:5
uses-sdk
ADDED from AndroidManifest.xml:29:3
MERGED from NextGen8379.lib:FtcCommon:unspecified:7:5
MERGED from NextGen8379.lib:RobotCore:unspecified:7:5
	android:targetSdkVersion
		ADDED from AndroidManifest.xml:31:5
		INJECTED from AndroidManifest.xml:0:0
		INJECTED from AndroidManifest.xml:0:0
	android:minSdkVersion
		ADDED from AndroidManifest.xml:30:5
		INJECTED from AndroidManifest.xml:0:0
		INJECTED from AndroidManifest.xml:0:0
application
ADDED from AndroidManifest.xml:33:3
MERGED from NextGen8379.lib:FtcCommon:unspecified:11:5
	android:label
		ADDED from AndroidManifest.xml:36:5
	android:allowBackup
		ADDED from AndroidManifest.xml:34:5
	android:icon
		ADDED from AndroidManifest.xml:35:5
	android:theme
		ADDED from AndroidManifest.xml:37:5
activity#com.qualcomm.ftcdriverstation.FtcDriverStationActivity
ADDED from AndroidManifest.xml:38:5
	android:label
		ADDED from AndroidManifest.xml:41:7
	android:configChanges
		ADDED from AndroidManifest.xml:40:7
	android:name
		ADDED from AndroidManifest.xml:39:7
intent-filter#android.intent.action.MAIN+android.intent.category.LAUNCHER
ADDED from AndroidManifest.xml:42:7
action#android.intent.action.MAIN
ADDED from AndroidManifest.xml:43:9
	android:name
		ADDED from AndroidManifest.xml:43:17
category#android.intent.category.LAUNCHER
ADDED from AndroidManifest.xml:45:9
	android:name
		ADDED from AndroidManifest.xml:45:19
activity#com.qualcomm.ftcdriverstation.AboutActivity
ADDED from AndroidManifest.xml:48:5
	android:label
		ADDED from AndroidManifest.xml:50:7
	android:name
		ADDED from AndroidManifest.xml:49:7
activity#com.qualcomm.ftcdriverstation.SettingsActivity
ADDED from AndroidManifest.xml:51:5
	android:label
		ADDED from AndroidManifest.xml:53:7
	android:name
		ADDED from AndroidManifest.xml:52:7
activity#com.qualcomm.ftcdriverstation.FtcWifiChannelSelectorActivity
ADDED from AndroidManifest.xml:54:5
	android:label
		ADDED from AndroidManifest.xml:56:7
	android:name
		ADDED from AndroidManifest.xml:55:7
activity#com.qualcomm.ftcdriverstation.ConfigWifiDirectActivity
ADDED from AndroidManifest.xml:57:5
	android:label
		ADDED from AndroidManifest.xml:59:7
	android:name
		ADDED from AndroidManifest.xml:58:7
uses-feature#0x00020000
ADDED from NextGen8379.lib:RobotCore:unspecified:11:5
	android:glEsVersion
		ADDED from NextGen8379.lib:RobotCore:unspecified:11:19